2023-09-07 22:02:05,139.v3_emitter_of_tasks.INFO ==================================================
2023-09-07 22:02:05,140.v3_emitter_of_tasks.INFO Today is 2023-09-07 at 10:02 PM
2023-09-07 22:02:05,143.v3_emitter_of_tasks.INFO Running on: nt Windows 10
2023-09-07 22:02:05,144.v3_emitter_of_tasks.INFO Python version:  3.9.12
2023-09-07 22:02:05,145.v3_emitter_of_tasks.INFO Python path: C:\Users\zachf\miniconda3
2023-09-07 22:02:05,145.v3_emitter_of_tasks.INFO Working dir: C:\Users\zachf\Desktop\StreamingData\streaming-04-multiple-consumers
2023-09-07 22:02:05,147.v3_emitter_of_tasks.INFO ==================================================
2023-09-07 22:02:05,196.v3_emitter_of_tasks.INFO  [x] Sent First task....
2023-09-07 22:02:05,217.v3_emitter_of_tasks.INFO Sent: First task.... to RabbitMQ.
2023-09-07 22:02:05,247.v3_emitter_of_tasks.INFO  [x] Sent Second task....
2023-09-07 22:02:05,268.v3_emitter_of_tasks.INFO Sent: Second task.... to RabbitMQ.
2023-09-07 22:02:05,293.v3_emitter_of_tasks.INFO  [x] Sent Third task....
2023-09-07 22:02:05,301.v3_emitter_of_tasks.INFO Sent: Third task.... to RabbitMQ.
2023-09-07 22:02:05,328.v3_emitter_of_tasks.INFO  [x] Sent Forth task...
2023-09-07 22:02:05,342.v3_emitter_of_tasks.INFO Sent: Forth task... to RabbitMQ.
2023-09-07 22:02:05,363.v3_emitter_of_tasks.INFO  [x] Sent Fifth task...
2023-09-07 22:02:05,373.v3_emitter_of_tasks.INFO Sent: Fifth task... to RabbitMQ.
2023-09-07 22:02:05,395.v3_emitter_of_tasks.INFO  [x] Sent Sixth task...
2023-09-07 22:02:05,406.v3_emitter_of_tasks.INFO Sent: Sixth task... to RabbitMQ.
2023-09-07 22:02:05,431.v3_emitter_of_tasks.INFO  [x] Sent Seventh task.......
2023-09-07 22:02:05,441.v3_emitter_of_tasks.INFO Sent: Seventh task....... to RabbitMQ.
2023-09-07 22:02:05,469.v3_emitter_of_tasks.INFO  [x] Sent Eighth task......
2023-09-07 22:02:05,477.v3_emitter_of_tasks.INFO Sent: Eighth task...... to RabbitMQ.
2023-09-07 22:02:05,501.v3_emitter_of_tasks.INFO  [x] Sent Ninth Task..
2023-09-07 22:02:05,514.v3_emitter_of_tasks.INFO Sent: Ninth Task.. to RabbitMQ.
2023-09-07 22:02:05,536.v3_emitter_of_tasks.INFO  [x] Sent Tenth Task..........
2023-09-07 22:02:05,547.v3_emitter_of_tasks.INFO Sent: Tenth Task.......... to RabbitMQ.
