2023-09-07 21:52:37,880.v3_listening_worker.INFO ==================================================
2023-09-07 21:52:37,880.v3_listening_worker.INFO Today is 2023-09-07 at 09:52 PM
2023-09-07 21:52:37,883.v3_listening_worker.INFO Running on: nt Windows 10
2023-09-07 21:52:37,884.v3_listening_worker.INFO Python version:  3.9.12
2023-09-07 21:52:37,885.v3_listening_worker.INFO Python path: C:\Users\zachf\miniconda3
2023-09-07 21:52:37,886.v3_listening_worker.INFO Working dir: C:\Users\zachf\Desktop\StreamingData\streaming-04-multiple-consumers
2023-09-07 21:52:37,887.v3_listening_worker.INFO ==================================================
2023-09-07 21:52:37,924.v3_listening_worker.INFO  [*] Ready for work. To exit press CTRL+C
2023-09-07 21:52:37,925.v3_listening_worker.INFO  [x] Received Second task....22023-09-07 21:52:41,931.v3_listening_worker.INFO  [x] Done.
2023-09-07 21:52:41,935.v3_listening_worker.INFO  [x] Received Forth task...
2023-09-07 21:52:44,939.v3_listening_worker.INFO  [x] Done.
2023-09-07 21:52:44,942.v3_listening_worker.INFO  [x] Received Sixth task...
2023-09-07 21:52:47,942.v3_listening_worker.INFO  [x] Done.
2023-09-07 21:52:47,946.v3_listening_worker.INFO  [x] Received Eighth task......
2023-09-07 21:52:53,954.v3_listening_worker.INFO  [x] Done.
2023-09-07 21:52:53,957.v3_listening_worker.INFO  [x] Received Tenth Task......2023-02023-09-07 21:53:03,958.v3_listening_worker.INFO  [x] Done.
2023-09-07 21:53:03,962.v3_listening_worker.INFO  [x] Received Forth task...
2023-09-07 21:53:06,977.v3_listening_worker.INFO  [x] Done.
2023-09-07 21:53:06,979.v3_listening_worker.INFO  [x] Received Sixth task...
2023-09-07 21:53:09,984.v3_listening_worker.INFO  [x] Done.
2023-09-07 21:53:09,988.v3_listening_worker.INFO  [x] Received Eighth task......
2023-09-07 21:53:16,003.v3_listening_worker.INFO  [x] Done.
2023-09-07 21:53:16,005.v3_listening_worker.INFO  [x] Received Ninth Task..
2023-09-07 21:53:18,008.v3_listening_worker.INFO  [x] Done.
2023-09-07 21:53:18,010.v3_listening_worker.INFO  [x] Received First task....
2023-09-07 21:53:22,020.v3_listening_worker.INFO  [x] Done.
2023-09-07 21:53:22,026.v3_listening_worker.INFO  [x] Received Second task....
2023-2023-09-07 21:53:26,924.v3_listening_worker.INFO  [x] Done.
2023-09-07 21:53:26,927.v3_listening_worker.INFO  [x] Received Forth task.2023-09-07 21:53:30,048.v3_listening_worker.INFO  [x] Done.
2023-09-07 21:53:30,050.v3_listening_worker.INFO  [x] Received Sixth task...
2023-09-07 21:53:33,056.v3_listening_worker.INFO  [x] Done.
2023-09-07 21:53:33,069.v3_listening_worker.INFO  [x] Received Eighth task......
2023-02023-09-07 21:53:39,980.v3_listening_worker.INFO  [x] Done.
2023-09-07 21:53:39,992.v3_listening_worker.INFO  [x] Received Tenth Ta2023-09-07 21:2023-09-07 21:53:50,002.v3_listening_worker.INFO  [x] Done.
2023-09-07 21:53:50,013.v3_listening_worker.INFO  [x] Received Forth task...
2023-09-07 21:53:53,025.v3_listening_worker.INFO  [x] Done.
2023-09-07 21:53:53,028.v3_listening_worker.INFO  [x] Received Fifth task...
2023-09-07 21:53:56,037.v3_listening_worker.INFO  [x] Done.
2023-09-07 21:53:56,039.v3_listening_worker.INFO  [x] Received Seventh task.......
2023-09-07 21:54:03,040.v3_listening_worker.INFO  [x] Done.
2023-09-07 21:54:03,042.v3_listening_worker.INFO  [x] Received Tenth Task..........
2023-09-07 21:54:13,053.v3_listening_worker.INFO  [x] Done.
2023-09-07 21:54:40,978.v3_listening_worker.INFO  [x] Received First task....
2023-09-07 21:54:44,990.v3_listening_worker.INFO  [x] Done.
2023-09-07 21:54:47,142.v3_listening_worker.INFO  [x] Received Third task....
2023-09-07 21:54:51,144.v3_listening_worker.INFO  [x] Done.
2023-09-07 21:54:53,307.v3_listening_worker.INFO  [x] Received Fifth task...
2023-09-07 21:54:56,310.v3_listening_worker.INFO  [x] Done.
2023-09-07 21:54:59,438.v3_listening_worker.INFO  [x] Received Seventh task.......
2023-09-07 21:55:06,441.v3_listening_worker.INFO  [x] Done.
2023-09-07 21:55:06,459.v3_listening_worker.INFO  [x] Received Ninth Task..
2023-09-07 21:55:08,468.v3_listening_worker.INFO  [x] Done.
2023-09-07 21:55:08,651.v3_listening_worker.INFO  [x] Received Tenth Task..........
2023-09-07 21:55:18,660.v3_listen2023-09-07 21:58:13,474.v3_l2023-09-07 21:58:16,544.v3_listening_worker.INFO  [2023-09-07 21:58:17,490.v3_li2023-09-07 21:58:20,559.v3_listening_worker.INFO  [x] Done.
2023-09-07 21:58:22,720.v3_listening_worker.INFO  2023-09-07 21:58:23,642.v3_l2023-09-07 21:58:25,731.v3_listen2023-09-07 21:58:25,809.v3_l2023-09-07 21:58:28,877.v3_listening_worker.INFO  [x] Received Sixth task...
2023-09-07 21:58:31,888.v3_listen2023-09-07 21:58:31,943.v3_l2023-09-07 21:58:35,003.v3_listening_worker.INFO  [x] Re2023-09-07 21:58:38,950.v32023-09-07 21:58:41,006.v3_listening_worker.INFO  [x] Done.
2023-09-07 22:02:05,197.v3_listening_worker.INFO  [x] Received First task....
2023-09-07 22:02:09,209.v3_listening_worker.INFO  [x] Done.
2023-09-07 22:02:09,211.v3_listening_worker.INFO  [x] Received Third task....
2023-09-07 22:02:13,221.v3_listening_worker.INFO  [x] Done.
2023-09-07 22:02:13,234.v3_listening_worker.INFO  [x] Received Sixth task...
2023-09-07 22:02:16,242.v3_listening_worker.INFO  [x] Done.
2023-09-07 22:02:16,243.v3_listening_worker.INFO  [x] Received Eighth task......
2023-09-07 22:02:22,246.v3_listening_worker.INFO  [x] Done.
2023-09-07 22:02:22,248.v3_listening_worker.INFO  [x] Received Ninth Task..
2023-09-07 22:02:24,262.v3_listening_worker.INFO  [x] Done.
.v3_listening_worker.INFO  [x] Received Seventh task.......
2023-09-07 22:02:22,293.v3_listening_worker.INFO  [x] Done.
2023-09-07 22:02:22,295.v3_listening_worker.INFO  [x] Received Tenth Task..........
2023-09-07 22:02:32,304.v3_listening_worker.INFO  [x] Done.
